0 info it worked if it ends with ok
1 verbose cli [ '/usr/local/bin/node', '/usr/local/bin/npm', 'run', 'dev' ]
2 info using npm@3.8.6
3 info using node@v6.0.0
4 verbose run-script [ 'predev', 'dev', 'postdev' ]
5 info lifecycle app@0.0.0~predev: app@0.0.0
6 silly lifecycle app@0.0.0~predev: no script for predev, continuing
7 info lifecycle app@0.0.0~dev: app@0.0.0
8 verbose lifecycle app@0.0.0~dev: unsafe-perm in lifecycle true
9 verbose lifecycle app@0.0.0~dev: PATH: /usr/local/lib/node_modules/npm/bin/node-gyp-bin:/Users/baixing/Desktop/project/pay/node_modules/.bin:/usr/local/bin:/Users/baixing/.yarn/bin:/Users/baixing/npm/bin:/Users/baixing/npm/bin:/usr/local/bin:/usr/bin:/bin:/usr/sbin:/sbin:/opt/X11/bin
10 verbose lifecycle app@0.0.0~dev: CWD: /Users/baixing/Desktop/project/pay
11 silly lifecycle app@0.0.0~dev: Args: [ '-c', 'DEBUG node ./bin/www' ]
12 info lifecycle app@0.0.0~dev: Failed to exec dev script
13 verbose stack Error: app@0.0.0 dev: `DEBUG node ./bin/www`
13 verbose stack spawn ENOENT
13 verbose stack     at ChildProcess.<anonymous> (/usr/local/lib/node_modules/npm/lib/utils/spawn.js:17:16)
13 verbose stack     at emitTwo (events.js:106:13)
13 verbose stack     at ChildProcess.emit (events.js:191:7)
13 verbose stack     at maybeClose (internal/child_process.js:850:16)
13 verbose stack     at Process.ChildProcess._handle.onexit (internal/child_process.js:215:5)
14 verbose pkgid app@0.0.0
15 verbose cwd /Users/baixing/Desktop/project/pay
16 error Darwin 16.0.0
17 error argv "/usr/local/bin/node" "/usr/local/bin/npm" "run" "dev"
18 error node v6.0.0
19 error npm  v3.8.6
20 error file sh
21 error code ELIFECYCLE
22 error errno ENOENT
23 error syscall spawn
24 error app@0.0.0 dev: `DEBUG node ./bin/www`
24 error spawn ENOENT
25 error Failed at the app@0.0.0 dev script 'DEBUG node ./bin/www'.
25 error Make sure you have the latest version of node.js and npm installed.
25 error If you do, this is most likely a problem with the app package,
25 error not with npm itself.
25 error Tell the author that this fails on your system:
25 error     DEBUG node ./bin/www
25 error You can get information on how to open an issue for this project with:
25 error     npm bugs app
25 error Or if that isn't available, you can get their info via:
25 error     npm owner ls app
25 error There is likely additional logging output above.
26 verbose exit [ 1, true ]
